<?xml version="1.0" encoding="UTF-8"?>
<testsuite xmlns:xsi="http://www.w3.org/2001/XMLSchema-instance" xsi:noNamespaceSchemaLocation="https://maven.apache.org/surefire/maven-surefire-plugin/xsd/surefire-test-report-3.0.xsd" version="3.0" name="courier.CreateCourierTest" time="4.498" tests="3" errors="0" skipped="0" failures="0">
  <properties>
    <property name="java.specification.version" value="16"/>
    <property name="sun.jnu.encoding" value="UTF-8"/>
    <property name="java.class.path" value="/home/aleksandr/Yandex.Disk/Docum/Java_IDEA/YandexPracticum/Sprint_7a/Sprint_7/target/test-classes:/home/aleksandr/Yandex.Disk/Docum/Java_IDEA/YandexPracticum/Sprint_7a/Sprint_7/target/classes:/home/aleksandr/.m2/repository/junit/junit/4.12/junit-4.12.jar:/home/aleksandr/.m2/repository/org/hamcrest/hamcrest-core/1.3/hamcrest-core-1.3.jar:/home/aleksandr/.m2/repository/io/rest-assured/rest-assured/4.5.1/rest-assured-4.5.1.jar:/home/aleksandr/.m2/repository/org/codehaus/groovy/groovy/3.0.9/groovy-3.0.9.jar:/home/aleksandr/.m2/repository/org/codehaus/groovy/groovy-xml/3.0.9/groovy-xml-3.0.9.jar:/home/aleksandr/.m2/repository/org/apache/httpcomponents/httpclient/4.5.13/httpclient-4.5.13.jar:/home/aleksandr/.m2/repository/org/apache/httpcomponents/httpcore/4.4.13/httpcore-4.4.13.jar:/home/aleksandr/.m2/repository/commons-logging/commons-logging/1.2/commons-logging-1.2.jar:/home/aleksandr/.m2/repository/commons-codec/commons-codec/1.11/commons-codec-1.11.jar:/home/aleksandr/.m2/repository/org/apache/httpcomponents/httpmime/4.5.13/httpmime-4.5.13.jar:/home/aleksandr/.m2/repository/org/hamcrest/hamcrest/2.1/hamcrest-2.1.jar:/home/aleksandr/.m2/repository/org/ccil/cowan/tagsoup/tagsoup/1.2.1/tagsoup-1.2.1.jar:/home/aleksandr/.m2/repository/io/rest-assured/json-path/4.5.1/json-path-4.5.1.jar:/home/aleksandr/.m2/repository/org/codehaus/groovy/groovy-json/3.0.9/groovy-json-3.0.9.jar:/home/aleksandr/.m2/repository/io/rest-assured/rest-assured-common/4.5.1/rest-assured-common-4.5.1.jar:/home/aleksandr/.m2/repository/io/rest-assured/xml-path/4.5.1/xml-path-4.5.1.jar:/home/aleksandr/.m2/repository/org/apache/commons/commons-lang3/3.11/commons-lang3-3.11.jar:/home/aleksandr/.m2/repository/io/qameta/allure/allure-junit4/2.19.0/allure-junit4-2.19.0.jar:/home/aleksandr/.m2/repository/io/qameta/allure/allure-java-commons/2.19.0/allure-java-commons-2.19.0.jar:/home/aleksandr/.m2/repository/org/slf4j/slf4j-api/1.7.30/slf4j-api-1.7.30.jar:/home/aleksandr/.m2/repository/io/qameta/allure/allure-model/2.19.0/allure-model-2.19.0.jar:/home/aleksandr/.m2/repository/com/google/code/gson/gson/2.8.9/gson-2.8.9.jar:"/>
    <property name="java.vm.vendor" value="Amazon.com Inc."/>
    <property name="sun.arch.data.model" value="64"/>
    <property name="java.vendor.url" value="https://aws.amazon.com/corretto/"/>
    <property name="user.timezone" value="Asia/Yekaterinburg"/>
    <property name="os.name" value="Linux"/>
    <property name="java.vm.specification.version" value="16"/>
    <property name="sun.java.launcher" value="SUN_STANDARD"/>
    <property name="user.country" value="US"/>
    <property name="sun.boot.library.path" value="/home/aleksandr/.jdks/corretto-16.0.2/lib"/>
    <property name="sun.java.command" value="/home/aleksandr/Yandex.Disk/Docum/Java_IDEA/YandexPracticum/Sprint_7a/Sprint_7/target/surefire/surefirebooter-20230117224714093_3.jar /home/aleksandr/Yandex.Disk/Docum/Java_IDEA/YandexPracticum/Sprint_7a/Sprint_7/target/surefire 2023-01-17T22-47-13_908-jvmRun1 surefire-20230117224714093_1tmp surefire_0-20230117224714093_2tmp"/>
    <property name="jdk.debug" value="release"/>
    <property name="surefire.test.class.path" value="/home/aleksandr/Yandex.Disk/Docum/Java_IDEA/YandexPracticum/Sprint_7a/Sprint_7/target/test-classes:/home/aleksandr/Yandex.Disk/Docum/Java_IDEA/YandexPracticum/Sprint_7a/Sprint_7/target/classes:/home/aleksandr/.m2/repository/junit/junit/4.12/junit-4.12.jar:/home/aleksandr/.m2/repository/org/hamcrest/hamcrest-core/1.3/hamcrest-core-1.3.jar:/home/aleksandr/.m2/repository/io/rest-assured/rest-assured/4.5.1/rest-assured-4.5.1.jar:/home/aleksandr/.m2/repository/org/codehaus/groovy/groovy/3.0.9/groovy-3.0.9.jar:/home/aleksandr/.m2/repository/org/codehaus/groovy/groovy-xml/3.0.9/groovy-xml-3.0.9.jar:/home/aleksandr/.m2/repository/org/apache/httpcomponents/httpclient/4.5.13/httpclient-4.5.13.jar:/home/aleksandr/.m2/repository/org/apache/httpcomponents/httpcore/4.4.13/httpcore-4.4.13.jar:/home/aleksandr/.m2/repository/commons-logging/commons-logging/1.2/commons-logging-1.2.jar:/home/aleksandr/.m2/repository/commons-codec/commons-codec/1.11/commons-codec-1.11.jar:/home/aleksandr/.m2/repository/org/apache/httpcomponents/httpmime/4.5.13/httpmime-4.5.13.jar:/home/aleksandr/.m2/repository/org/hamcrest/hamcrest/2.1/hamcrest-2.1.jar:/home/aleksandr/.m2/repository/org/ccil/cowan/tagsoup/tagsoup/1.2.1/tagsoup-1.2.1.jar:/home/aleksandr/.m2/repository/io/rest-assured/json-path/4.5.1/json-path-4.5.1.jar:/home/aleksandr/.m2/repository/org/codehaus/groovy/groovy-json/3.0.9/groovy-json-3.0.9.jar:/home/aleksandr/.m2/repository/io/rest-assured/rest-assured-common/4.5.1/rest-assured-common-4.5.1.jar:/home/aleksandr/.m2/repository/io/rest-assured/xml-path/4.5.1/xml-path-4.5.1.jar:/home/aleksandr/.m2/repository/org/apache/commons/commons-lang3/3.11/commons-lang3-3.11.jar:/home/aleksandr/.m2/repository/io/qameta/allure/allure-junit4/2.19.0/allure-junit4-2.19.0.jar:/home/aleksandr/.m2/repository/io/qameta/allure/allure-java-commons/2.19.0/allure-java-commons-2.19.0.jar:/home/aleksandr/.m2/repository/org/slf4j/slf4j-api/1.7.30/slf4j-api-1.7.30.jar:/home/aleksandr/.m2/repository/io/qameta/allure/allure-model/2.19.0/allure-model-2.19.0.jar:/home/aleksandr/.m2/repository/com/google/code/gson/gson/2.8.9/gson-2.8.9.jar:"/>
    <property name="allure.results.directory" value="/home/aleksandr/Yandex.Disk/Docum/Java_IDEA/YandexPracticum/Sprint_7a/Sprint_7/target/allure-results"/>
    <property name="sun.cpu.endian" value="little"/>
    <property name="user.home" value="/home/aleksandr"/>
    <property name="user.language" value="en"/>
    <property name="java.specification.vendor" value="Oracle Corporation"/>
    <property name="java.version.date" value="2021-07-20"/>
    <property name="java.home" value="/home/aleksandr/.jdks/corretto-16.0.2"/>
    <property name="file.separator" value="/"/>
    <property name="basedir" value="/home/aleksandr/Yandex.Disk/Docum/Java_IDEA/YandexPracticum/Sprint_7a/Sprint_7"/>
    <property name="java.vm.compressedOopsMode" value="Zero based"/>
    <property name="line.separator" value="&#10;"/>
    <property name="java.vm.specification.vendor" value="Oracle Corporation"/>
    <property name="java.specification.name" value="Java Platform API Specification"/>
    <property name="surefire.real.class.path" value="/home/aleksandr/Yandex.Disk/Docum/Java_IDEA/YandexPracticum/Sprint_7a/Sprint_7/target/surefire/surefirebooter-20230117224714093_3.jar"/>
    <property name="sun.management.compiler" value="HotSpot 64-Bit Tiered Compilers"/>
    <property name="java.runtime.version" value="16.0.2+7"/>
    <property name="user.name" value="aleksandr"/>
    <property name="path.separator" value=":"/>
    <property name="os.version" value="5.15.0-58-generic"/>
    <property name="java.runtime.name" value="OpenJDK Runtime Environment"/>
    <property name="file.encoding" value="UTF-8"/>
    <property name="java.vm.name" value="OpenJDK 64-Bit Server VM"/>
    <property name="java.vendor.version" value="Corretto-16.0.2.7.1"/>
    <property name="localRepository" value="/home/aleksandr/.m2/repository"/>
    <property name="java.vendor.url.bug" value="https://github.com/corretto/corretto-jdk/issues/"/>
    <property name="java.io.tmpdir" value="/tmp"/>
    <property name="idea.version" value="2022.3.1"/>
    <property name="java.version" value="16.0.2"/>
    <property name="user.dir" value="/home/aleksandr/Yandex.Disk/Docum/Java_IDEA/YandexPracticum/Sprint_7a/Sprint_7"/>
    <property name="os.arch" value="amd64"/>
    <property name="java.vm.specification.name" value="Java Virtual Machine Specification"/>
    <property name="java.library.path" value="/usr/java/packages/lib:/usr/lib64:/lib64:/lib:/usr/lib"/>
    <property name="java.vm.info" value="mixed mode, sharing"/>
    <property name="java.vendor" value="Amazon.com Inc."/>
    <property name="java.vm.version" value="16.0.2+7"/>
    <property name="sun.io.unicode.encoding" value="UnicodeLittle"/>
    <property name="java.class.version" value="60.0"/>
  </properties>
  <testcase name="createNewCourierTest" classname="courier.CreateCourierTest" time="1.574"/>
  <testcase name="createNewCourierWithoutRequiredFieldsTest" classname="courier.CreateCourierTest" time="1.238"/>
  <testcase name="cantCreateTwoOwnersCouriersTest" classname="courier.CreateCourierTest" time="1.671"/>
</testsuite>